<?xml version="1.0" encoding="UTF-8"?>
<testsuite name="Scenario: creation is successful with valid username and password" tests="4" skipped="0" failures="0" errors="0" timestamp="2018-11-18T13:32:55" hostname="dhcp-asv-120" time="0.005">
  <properties/>
  <testcase name="Given command new user is selected" classname="Scenario: creation is successful with valid username and password" time="0.001"/>
  <testcase name="When username &quot;elli&quot; and password &quot;elliille0&quot; are entered" classname="Scenario: creation is successful with valid username and password" time="0.0"/>
  <testcase name="Then system will respond with &quot;new user registered&quot;" classname="Scenario: creation is successful with valid username and password" time="0.0"/>
  <testcase name="classMethod" classname="Scenario: creation is successful with valid username and password" time="0.006"/>
  <system-out><![CDATA[]]></system-out>
  <system-err><![CDATA[]]></system-err>
</testsuite>
